<?xml version="1.0" encoding="UTF-8"?>
<testsuite xmlns:xsi="http://www.w3.org/2001/XMLSchema-instance" xsi:noNamespaceSchemaLocation="https://maven.apache.org/surefire/maven-surefire-plugin/xsd/surefire-test-report.xsd" version="3.0.2" name="com.wipro.getcurrenttime.GetcurrenttimeApplicationTests" time="7.017" tests="1" errors="0" skipped="0" failures="0">
  <properties>
[...]
</properties>
  <testcase name="contextLoads" classname="com.wipro.getcurrenttime.GetcurrenttimeApplicationTests" time="1.519">
    <system-out><![CDATA[10:25:42.711 [main] INFO org.springframework.test.context.support.AnnotationConfigContextLoaderUtils -- Could not detect default configuration classes for test class [com.wipro.getcurrenttime.GetcurrenttimeApplicationTests]: GetcurrenttimeApplicationTests does not declare any static, non-private, non-final, nested classes annotated with @Configuration.
10:25:42.996 [main] INFO org.springframework.boot.test.context.SpringBootTestContextBootstrapper -- Found @SpringBootConfiguration com.wipro.getcurrenttime.GetcurrenttimeApplication for test class com.wipro.getcurrenttime.GetcurrenttimeApplicationTests

  .   ____          _            __ _ _
 /\\ / ___'_ __ _ _(_)_ __  __ _ \ \ \ \
( ( )\___ | '_ | '_| | '_ \/ _` | \ \ \ \
 \\/  ___)| |_)| | | | | || (_| |  ) ) ) )
  '  |____| .__|_| |_|_| |_\__, | / / / /
 =========|_|==============|___/=/_/_/_/

 :: Spring Boot ::                (v3.5.4)

2025-08-11T10:25:44.130+05:30  INFO 16904 --- [getcurrenttime] [           main] c.w.g.GetcurrenttimeApplicationTests     : Starting GetcurrenttimeApplicationTests using Java 21.0.7 with PID 16904 (started by VARSHA REDDY in C:\Users\VARSHA REDDY\Desktop\Wiprotraining\getcurrenttime)
2025-08-11T10:25:44.132+05:30  INFO 16904 --- [getcurrenttime] [           main] c.w.g.GetcurrenttimeApplicationTests     : No active profile set, falling back to 1 default profile: "default"
2025-08-11T10:25:46.457+05:30  WARN 16904 --- [getcurrenttime] [           main] .s.s.UserDetailsServiceAutoConfiguration : 

Using generated security password: f110e817-7486-4717-820f-ab99c33cf1ae

This generated password is for development use only. Your security configuration must be updated before running your application in production.

2025-08-11T10:25:46.478+05:30  INFO 16904 --- [getcurrenttime] [           main] r$InitializeUserDetailsManagerConfigurer : Global AuthenticationManager configured with UserDetailsService bean with name inMemoryUserDetailsManager
2025-08-11T10:25:47.797+05:30  INFO 16904 --- [getcurrenttime] [           main] c.w.g.GetcurrenttimeApplicationTests     : Started GetcurrenttimeApplicationTests in 4.357 seconds (process running for 6.986)
]]></system-out>
    <system-err><![CDATA[Mockito is currently self-attaching to enable the inline-mock-maker. This will no longer work in future releases of the JDK. Please add Mockito as an agent to your build as described in Mockito's documentation: https://javadoc.io/doc/org.mockito/mockito-core/latest/org.mockito/org/mockito/Mockito.html#0.3
WARNING: A Java agent has been loaded dynamically (C:\Users\VARSHA REDDY\.m2\repository\net\bytebuddy\byte-buddy-agent\1.17.6\byte-buddy-agent-1.17.6.jar)
WARNING: If a serviceability tool is in use, please run with -XX:+EnableDynamicAgentLoading to hide this warning
WARNING: If a serviceability tool is not in use, please run with -Djdk.instrument.traceUsage for more information
WARNING: Dynamic loading of agents will be disallowed by default in a future release
]]></system-err>
  </testcase>
</testsuite>